__libc_start_main(0x402a62, 1, 0x7ffd43a71b48, 0x4529f0 <unfinished ...>
pthread_once(0x667b38, 0x41d910, 0x7ffd43a71b58, 0 <unfinished ...>
malloc(104)                                      = 0x22b5010
pthread_mutexattr_init(0x7ffd43a71970, 0, 0x22b5010, 0x7faf359e0b20) = 0
pthread_mutexattr_settype(0x7ffd43a71970, 1, 0x22b5010, 0x7faf359e0b20) = 0
pthread_mutexattr_setpshared(0x7ffd43a71970, 0, 0x22b5010, 0x7faf359e0b20) = 0
pthread_mutex_init(0x668200, 0x7ffd43a71970, 0x22b5010, 0x7faf359e0b20) = 0
pthread_mutexattr_destroy(0x7ffd43a71970, 0x7ffd43a71970, 0, 0) = 0
pthread_mutexattr_init(0x7ffd43a71980, 0, 0, 0)  = 0
pthread_mutexattr_settype(0x7ffd43a71980, 1, 0, 0) = 0
pthread_mutexattr_setpshared(0x7ffd43a71980, 0, 0, 0) = 0
pthread_mutex_init(0x668240, 0x7ffd43a71980, 0, 0) = 0
pthread_mutexattr_destroy(0x7ffd43a71980, 0x7ffd43a71980, 0, 0) = 0
__cxa_atexit(0x41f7c0, 0, 0, 0)                  = 0
<... pthread_once resumed> )                     = 0
__cxa_atexit(0x41f840, 0, 0x6673e8, 0x7faf35bf8ac0) = 0
pthread_once(0x667b38, 0x41d910, 0x7ffd43a71b58, 64) = 0
malloc(8)                                        = 0x22b5080
malloc(88)                                       = 0x22b50a0
pthread_mutex_lock(0x668200, 0x22b50f0, 0x22b50a0, 0x7faf359e0b20) = 0
calloc(8, 17)                                    = 0x22b5100
free(0)                                          = <void>
malloc(32)                                       = 0x22b5190
pthread_mutex_unlock(0x668200, 0x458ef8, 1, 0x458e40) = 0
__cxa_atexit(0x402ac5, 0, 0, 1)                  = 0
dlerror()                                        = nil
dlopen(nil, 1)                                   = 0x7faf36236168
dlsym(0x7faf36236168, "pipe2")                   = 0x7faf35713a00
dlerror()                                        = nil
__cxa_atexit(0x450510, 0, 0x6673e8, 0x7faf35e022c0) = 0
dlerror()                                        = nil
dlopen(nil, 1)                                   = 0x7faf36236168
dlsym(0x7faf36236168, "accept4")                 = 0x7faf35724860
dlerror()                                        = nil
__cxa_atexit(0x44d5f0, 0, 0x6673e8, 0x7faf35e022c0) = 0
fopen("addr.txt", "w")                           = 0x22b51f0
malloc(400000)                                   = 0x7faf361b6010
fprintf(0x22b51f0, "Address of arr is: %p\n", 0x7faf361b6010) = 34
dlclose(0x7faf36236168)                          = 0
dlclose(0x7faf36236168)                          = 0
pthread_once(0x667b38, 0x41d910, 0x402ac5, 0x7faf359e1cb0) = 0
pthread_mutex_lock(0x668200, 0x22b5080, 0x402ac5, 0x7faf359e1cb0) = 0
free(0x22b50a0)                                  = <void>
free(0x22b5190)                                  = <void>
free(0x22b5100)                                  = <void>
pthread_mutex_unlock(0x668200, 0, 0, 0x458e40)   = 0
free(0x22b5080)                                  = <void>
pthread_mutex_lock(0x668200, 0, 0x41f7c0, 0x7faf359e1c70) = 0
pthread_mutex_unlock(0x668200, 0, 0, 0)          = 0
pthread_mutex_destroy(0x668200, 0, 0x668200, 1)  = 0
pthread_mutex_destroy(0x668240, 0, 0, 1)         = 0
free(0x22b5010)                                  = <void>
+++ exited (status 0) +++
